状态 27冲突：1 项偏移/归约
状态 32冲突：1 项偏移/归约
状态 52冲突：2 项偏移/归约，1 项归约/归约
状态 117冲突：1 项偏移/归约


语法

    0 $accept: Program $end

    1 Program: ExtDefList

    2 ExtDefList: ExtDef ExtDefList
    3           | %empty

    4 ExtDef: Specifier ExtDecList SEMI
    5       | Specifier SEMI
    6       | Specifier FunDec CompSt
    7       | Specifier FunDec SEMI
    8       | error
    9       | error SEMI

   10 ExtDecList: VarDec
   11           | VarDec COMMA ExtDecList

   12 Specifier: TYPE
   13          | StructSpecifier

   14 StructSpecifier: STRUCT OptTag LC DefList RC
   15                | STRUCT Tag

   16 OptTag: ID
   17       | %empty

   18 Tag: ID

   19 VarDec: ID
   20       | VarDec LB INT RB

   21 FunDec: ID LP VarList RP
   22       | ID LP RP

   23 VarList: ParamDec COMMA VarList
   24        | ParamDec

   25 ParamDec: Specifier VarDec

   26 CompSt: LC DefList StmtList RC
   27       | error RC

   28 StmtList: Stmt StmtList
   29         | %empty

   30 Stmt: Exp SEMI
   31     | CompSt
   32     | RETURN Exp SEMI
   33     | IF LP Exp RP Stmt
   34     | IF LP Exp RP Stmt ELSE Stmt
   35     | WHILE LP Exp RP Stmt
   36     | error SEMI
   37     | error

   38 DefList: Def DefList
   39        | %empty
   40        | error

   41 Def: Specifier DecList SEMI

   42 DecList: Dec
   43        | Dec COMMA DecList
   44        | error

   45 Dec: VarDec
   46    | VarDec ASSIGNOP Exp

   47 Exp: Exp ASSIGNOP Exp
   48    | Exp AND Exp
   49    | Exp OR Exp
   50    | Exp RELOP Exp
   51    | Exp PLUS Exp
   52    | Exp MINUS Exp
   53    | Exp STAR Exp
   54    | Exp DIV Exp
   55    | LP Exp RP
   56    | MINUS Exp
   57    | NOT Exp
   58    | ID LP Args RP
   59    | ID LP RP
   60    | Exp LB Exp RB
   61    | Exp DOT ID
   62    | ID
   63    | INT
   64    | FLOAT
   65    | error

   66 Args: Exp COMMA Args
   67     | Exp


终结语词，附有它们出现处的规则

    $end (0) 0
    error (256) 8 9 27 36 37 40 44 65
    INT (258) 20 63
    FLOAT (259) 64
    ID (260) 16 18 19 21 22 58 59 61 62
    SEMI (261) 4 5 7 9 30 32 36 41
    COMMA (262) 11 23 43 66
    ASSIGNOP (263) 46 47
    RELOP (264) 50
    PLUS (265) 51
    MINUS (266) 52 56
    STAR (267) 53
    DIV (268) 54
    AND (269) 48
    OR (270) 49
    DOT (271) 61
    NOT (272) 57
    TYPE (273) 12
    LP (274) 21 22 33 34 35 55 58 59
    RP (275) 21 22 33 34 35 55 58 59
    LB (276) 20 60
    RB (277) 20 60
    LC (278) 14 26
    RC (279) 14 26 27
    STRUCT (280) 14 15
    RETURN (281) 32
    IF (282) 33 34
    ELSE (283) 34
    WHILE (284) 35
    SIG_MINUS (285)


非终结语词，附有它们出现处的规则

    $accept (31)
        on left: 0
    Program (32)
        on left: 1
        on right: 0
    ExtDefList (33)
        on left: 2 3
        on right: 1 2
    ExtDef (34)
        on left: 4 5 6 7 8 9
        on right: 2
    ExtDecList (35)
        on left: 10 11
        on right: 4 11
    Specifier (36)
        on left: 12 13
        on right: 4 5 6 7 25 41
    StructSpecifier (37)
        on left: 14 15
        on right: 13
    OptTag (38)
        on left: 16 17
        on right: 14
    Tag (39)
        on left: 18
        on right: 15
    VarDec (40)
        on left: 19 20
        on right: 10 11 20 25 45 46
    FunDec (41)
        on left: 21 22
        on right: 6 7
    VarList (42)
        on left: 23 24
        on right: 21 23
    ParamDec (43)
        on left: 25
        on right: 23 24
    CompSt (44)
        on left: 26 27
        on right: 6 31
    StmtList (45)
        on left: 28 29
        on right: 26 28
    Stmt (46)
        on left: 30 31 32 33 34 35 36 37
        on right: 28 33 34 35
    DefList (47)
        on left: 38 39 40
        on right: 14 26 38
    Def (48)
        on left: 41
        on right: 38
    DecList (49)
        on left: 42 43 44
        on right: 41 43
    Dec (50)
        on left: 45 46
        on right: 42 43
    Exp (51)
        on left: 47 48 49 50 51 52 53 54 55 56 57 58 59 60 61 62 63 64 65
        on right: 30 32 33 34 35 46 47 48 49 50 51 52 53 54 55 56 57 60 61 66 67
    Args (52)
        on left: 66 67
        on right: 58 66


状态 0

    0 $accept: . Program $end

    error   偏移，并进入状态 1
    TYPE    偏移，并进入状态 2
    STRUCT  偏移，并进入状态 3

    $end  使用规则 3 以归约 (ExtDefList)

    Program          转到状态 4
    ExtDefList       转到状态 5
    ExtDef           转到状态 6
    Specifier        转到状态 7
    StructSpecifier  转到状态 8


状态 1

    8 ExtDef: error .
    9       | error . SEMI

    SEMI  偏移，并进入状态 9

    $default  使用规则 8 以归约 (ExtDef)


状态 2

   12 Specifier: TYPE .

    $default  使用规则 12 以归约 (Specifier)


状态 3

   14 StructSpecifier: STRUCT . OptTag LC DefList RC
   15                | STRUCT . Tag

    ID  偏移，并进入状态 10

    $default  使用规则 17 以归约 (OptTag)

    OptTag  转到状态 11
    Tag     转到状态 12


状态 4

    0 $accept: Program . $end

    $end  偏移，并进入状态 13


状态 5

    1 Program: ExtDefList .

    $default  使用规则 1 以归约 (Program)


状态 6

    2 ExtDefList: ExtDef . ExtDefList

    error   偏移，并进入状态 1
    TYPE    偏移，并进入状态 2
    STRUCT  偏移，并进入状态 3

    $end  使用规则 3 以归约 (ExtDefList)

    ExtDefList       转到状态 14
    ExtDef           转到状态 6
    Specifier        转到状态 7
    StructSpecifier  转到状态 8


状态 7

    4 ExtDef: Specifier . ExtDecList SEMI
    5       | Specifier . SEMI
    6       | Specifier . FunDec CompSt
    7       | Specifier . FunDec SEMI

    ID    偏移，并进入状态 15
    SEMI  偏移，并进入状态 16

    ExtDecList  转到状态 17
    VarDec      转到状态 18
    FunDec      转到状态 19


状态 8

   13 Specifier: StructSpecifier .

    $default  使用规则 13 以归约 (Specifier)


状态 9

    9 ExtDef: error SEMI .

    $default  使用规则 9 以归约 (ExtDef)


状态 10

   16 OptTag: ID .
   18 Tag: ID .

    LC        使用规则 16 以归约 (OptTag)
    $default  使用规则 18 以归约 (Tag)


状态 11

   14 StructSpecifier: STRUCT OptTag . LC DefList RC

    LC  偏移，并进入状态 20


状态 12

   15 StructSpecifier: STRUCT Tag .

    $default  使用规则 15 以归约 (StructSpecifier)


状态 13

    0 $accept: Program $end .

    $default  接受


状态 14

    2 ExtDefList: ExtDef ExtDefList .

    $default  使用规则 2 以归约 (ExtDefList)


状态 15

   19 VarDec: ID .
   21 FunDec: ID . LP VarList RP
   22       | ID . LP RP

    LP  偏移，并进入状态 21

    $default  使用规则 19 以归约 (VarDec)


状态 16

    5 ExtDef: Specifier SEMI .

    $default  使用规则 5 以归约 (ExtDef)


状态 17

    4 ExtDef: Specifier ExtDecList . SEMI

    SEMI  偏移，并进入状态 22


状态 18

   10 ExtDecList: VarDec .
   11           | VarDec . COMMA ExtDecList
   20 VarDec: VarDec . LB INT RB

    COMMA  偏移，并进入状态 23
    LB     偏移，并进入状态 24

    $default  使用规则 10 以归约 (ExtDecList)


状态 19

    6 ExtDef: Specifier FunDec . CompSt
    7       | Specifier FunDec . SEMI

    error  偏移，并进入状态 25
    SEMI   偏移，并进入状态 26
    LC     偏移，并进入状态 27

    CompSt  转到状态 28


状态 20

   14 StructSpecifier: STRUCT OptTag LC . DefList RC

    error   偏移，并进入状态 29
    TYPE    偏移，并进入状态 2
    STRUCT  偏移，并进入状态 3

    RC  使用规则 39 以归约 (DefList)

    Specifier        转到状态 30
    StructSpecifier  转到状态 8
    DefList          转到状态 31
    Def              转到状态 32


状态 21

   21 FunDec: ID LP . VarList RP
   22       | ID LP . RP

    TYPE    偏移，并进入状态 2
    RP      偏移，并进入状态 33
    STRUCT  偏移，并进入状态 3

    Specifier        转到状态 34
    StructSpecifier  转到状态 8
    VarList          转到状态 35
    ParamDec         转到状态 36


状态 22

    4 ExtDef: Specifier ExtDecList SEMI .

    $default  使用规则 4 以归约 (ExtDef)


状态 23

   11 ExtDecList: VarDec COMMA . ExtDecList

    ID  偏移，并进入状态 37

    ExtDecList  转到状态 38
    VarDec      转到状态 18


状态 24

   20 VarDec: VarDec LB . INT RB

    INT  偏移，并进入状态 39


状态 25

   27 CompSt: error . RC

    RC  偏移，并进入状态 40


状态 26

    7 ExtDef: Specifier FunDec SEMI .

    $default  使用规则 7 以归约 (ExtDef)


状态 27

   26 CompSt: LC . DefList StmtList RC

    error   偏移，并进入状态 29
    TYPE    偏移，并进入状态 2
    STRUCT  偏移，并进入状态 3

    error   [使用规则 39 以归约 (DefList)]
    INT     使用规则 39 以归约 (DefList)
    FLOAT   使用规则 39 以归约 (DefList)
    ID      使用规则 39 以归约 (DefList)
    MINUS   使用规则 39 以归约 (DefList)
    NOT     使用规则 39 以归约 (DefList)
    LP      使用规则 39 以归约 (DefList)
    LC      使用规则 39 以归约 (DefList)
    RC      使用规则 39 以归约 (DefList)
    RETURN  使用规则 39 以归约 (DefList)
    IF      使用规则 39 以归约 (DefList)
    WHILE   使用规则 39 以归约 (DefList)

    Specifier        转到状态 30
    StructSpecifier  转到状态 8
    DefList          转到状态 41
    Def              转到状态 32


状态 28

    6 ExtDef: Specifier FunDec CompSt .

    $default  使用规则 6 以归约 (ExtDef)


状态 29

   40 DefList: error .

    $default  使用规则 40 以归约 (DefList)


状态 30

   41 Def: Specifier . DecList SEMI

    error  偏移，并进入状态 42
    ID     偏移，并进入状态 37

    VarDec   转到状态 43
    DecList  转到状态 44
    Dec      转到状态 45


状态 31

   14 StructSpecifier: STRUCT OptTag LC DefList . RC

    RC  偏移，并进入状态 46


状态 32

   38 DefList: Def . DefList

    error   偏移，并进入状态 29
    TYPE    偏移，并进入状态 2
    STRUCT  偏移，并进入状态 3

    error   [使用规则 39 以归约 (DefList)]
    INT     使用规则 39 以归约 (DefList)
    FLOAT   使用规则 39 以归约 (DefList)
    ID      使用规则 39 以归约 (DefList)
    MINUS   使用规则 39 以归约 (DefList)
    NOT     使用规则 39 以归约 (DefList)
    LP      使用规则 39 以归约 (DefList)
    LC      使用规则 39 以归约 (DefList)
    RC      使用规则 39 以归约 (DefList)
    RETURN  使用规则 39 以归约 (DefList)
    IF      使用规则 39 以归约 (DefList)
    WHILE   使用规则 39 以归约 (DefList)

    Specifier        转到状态 30
    StructSpecifier  转到状态 8
    DefList          转到状态 47
    Def              转到状态 32


状态 33

   22 FunDec: ID LP RP .

    $default  使用规则 22 以归约 (FunDec)


状态 34

   25 ParamDec: Specifier . VarDec

    ID  偏移，并进入状态 37

    VarDec  转到状态 48


状态 35

   21 FunDec: ID LP VarList . RP

    RP  偏移，并进入状态 49


状态 36

   23 VarList: ParamDec . COMMA VarList
   24        | ParamDec .

    COMMA  偏移，并进入状态 50

    $default  使用规则 24 以归约 (VarList)


状态 37

   19 VarDec: ID .

    $default  使用规则 19 以归约 (VarDec)


状态 38

   11 ExtDecList: VarDec COMMA ExtDecList .

    $default  使用规则 11 以归约 (ExtDecList)


状态 39

   20 VarDec: VarDec LB INT . RB

    RB  偏移，并进入状态 51


状态 40

   27 CompSt: error RC .

    $default  使用规则 27 以归约 (CompSt)


状态 41

   26 CompSt: LC DefList . StmtList RC

    error   偏移，并进入状态 52
    INT     偏移，并进入状态 53
    FLOAT   偏移，并进入状态 54
    ID      偏移，并进入状态 55
    MINUS   偏移，并进入状态 56
    NOT     偏移，并进入状态 57
    LP      偏移，并进入状态 58
    LC      偏移，并进入状态 27
    RETURN  偏移，并进入状态 59
    IF      偏移，并进入状态 60
    WHILE   偏移，并进入状态 61

    RC  使用规则 29 以归约 (StmtList)

    CompSt    转到状态 62
    StmtList  转到状态 63
    Stmt      转到状态 64
    Exp       转到状态 65


状态 42

   44 DecList: error .

    $default  使用规则 44 以归约 (DecList)


状态 43

   20 VarDec: VarDec . LB INT RB
   45 Dec: VarDec .
   46    | VarDec . ASSIGNOP Exp

    ASSIGNOP  偏移，并进入状态 66
    LB        偏移，并进入状态 24

    $default  使用规则 45 以归约 (Dec)


状态 44

   41 Def: Specifier DecList . SEMI

    SEMI  偏移，并进入状态 67


状态 45

   42 DecList: Dec .
   43        | Dec . COMMA DecList

    COMMA  偏移，并进入状态 68

    $default  使用规则 42 以归约 (DecList)


状态 46

   14 StructSpecifier: STRUCT OptTag LC DefList RC .

    $default  使用规则 14 以归约 (StructSpecifier)


状态 47

   38 DefList: Def DefList .

    $default  使用规则 38 以归约 (DefList)


状态 48

   20 VarDec: VarDec . LB INT RB
   25 ParamDec: Specifier VarDec .

    LB  偏移，并进入状态 24

    $default  使用规则 25 以归约 (ParamDec)


状态 49

   21 FunDec: ID LP VarList RP .

    $default  使用规则 21 以归约 (FunDec)


状态 50

   23 VarList: ParamDec COMMA . VarList

    TYPE    偏移，并进入状态 2
    STRUCT  偏移，并进入状态 3

    Specifier        转到状态 34
    StructSpecifier  转到状态 8
    VarList          转到状态 69
    ParamDec         转到状态 36


状态 51

   20 VarDec: VarDec LB INT RB .

    $default  使用规则 20 以归约 (VarDec)


状态 52

   27 CompSt: error . RC
   36 Stmt: error . SEMI
   37     | error .
   65 Exp: error .

    SEMI  偏移，并进入状态 70
    RC    偏移，并进入状态 40

    SEMI      [使用规则 65 以归约 (Exp)]
    ASSIGNOP  使用规则 65 以归约 (Exp)
    RELOP     使用规则 65 以归约 (Exp)
    PLUS      使用规则 65 以归约 (Exp)
    MINUS     使用规则 37 以归约 (Stmt)
    MINUS     [使用规则 65 以归约 (Exp)]
    STAR      使用规则 65 以归约 (Exp)
    DIV       使用规则 65 以归约 (Exp)
    AND       使用规则 65 以归约 (Exp)
    OR        使用规则 65 以归约 (Exp)
    DOT       使用规则 65 以归约 (Exp)
    LB        使用规则 65 以归约 (Exp)
    RC        [使用规则 37 以归约 (Stmt)]
    $default  使用规则 37 以归约 (Stmt)


状态 53

   63 Exp: INT .

    $default  使用规则 63 以归约 (Exp)


状态 54

   64 Exp: FLOAT .

    $default  使用规则 64 以归约 (Exp)


状态 55

   58 Exp: ID . LP Args RP
   59    | ID . LP RP
   62    | ID .

    LP  偏移，并进入状态 71

    $default  使用规则 62 以归约 (Exp)


状态 56

   56 Exp: MINUS . Exp

    error  偏移，并进入状态 72
    INT    偏移，并进入状态 53
    FLOAT  偏移，并进入状态 54
    ID     偏移，并进入状态 55
    MINUS  偏移，并进入状态 56
    NOT    偏移，并进入状态 57
    LP     偏移，并进入状态 58

    Exp  转到状态 73


状态 57

   57 Exp: NOT . Exp

    error  偏移，并进入状态 72
    INT    偏移，并进入状态 53
    FLOAT  偏移，并进入状态 54
    ID     偏移，并进入状态 55
    MINUS  偏移，并进入状态 56
    NOT    偏移，并进入状态 57
    LP     偏移，并进入状态 58

    Exp  转到状态 74


状态 58

   55 Exp: LP . Exp RP

    error  偏移，并进入状态 72
    INT    偏移，并进入状态 53
    FLOAT  偏移，并进入状态 54
    ID     偏移，并进入状态 55
    MINUS  偏移，并进入状态 56
    NOT    偏移，并进入状态 57
    LP     偏移，并进入状态 58

    Exp  转到状态 75


状态 59

   32 Stmt: RETURN . Exp SEMI

    error  偏移，并进入状态 72
    INT    偏移，并进入状态 53
    FLOAT  偏移，并进入状态 54
    ID     偏移，并进入状态 55
    MINUS  偏移，并进入状态 56
    NOT    偏移，并进入状态 57
    LP     偏移，并进入状态 58

    Exp  转到状态 76


状态 60

   33 Stmt: IF . LP Exp RP Stmt
   34     | IF . LP Exp RP Stmt ELSE Stmt

    LP  偏移，并进入状态 77


状态 61

   35 Stmt: WHILE . LP Exp RP Stmt

    LP  偏移，并进入状态 78


状态 62

   31 Stmt: CompSt .

    $default  使用规则 31 以归约 (Stmt)


状态 63

   26 CompSt: LC DefList StmtList . RC

    RC  偏移，并进入状态 79


状态 64

   28 StmtList: Stmt . StmtList

    error   偏移，并进入状态 52
    INT     偏移，并进入状态 53
    FLOAT   偏移，并进入状态 54
    ID      偏移，并进入状态 55
    MINUS   偏移，并进入状态 56
    NOT     偏移，并进入状态 57
    LP      偏移，并进入状态 58
    LC      偏移，并进入状态 27
    RETURN  偏移，并进入状态 59
    IF      偏移，并进入状态 60
    WHILE   偏移，并进入状态 61

    RC  使用规则 29 以归约 (StmtList)

    CompSt    转到状态 62
    StmtList  转到状态 80
    Stmt      转到状态 64
    Exp       转到状态 65


状态 65

   30 Stmt: Exp . SEMI
   47 Exp: Exp . ASSIGNOP Exp
   48    | Exp . AND Exp
   49    | Exp . OR Exp
   50    | Exp . RELOP Exp
   51    | Exp . PLUS Exp
   52    | Exp . MINUS Exp
   53    | Exp . STAR Exp
   54    | Exp . DIV Exp
   60    | Exp . LB Exp RB
   61    | Exp . DOT ID

    SEMI      偏移，并进入状态 81
    ASSIGNOP  偏移，并进入状态 82
    RELOP     偏移，并进入状态 83
    PLUS      偏移，并进入状态 84
    MINUS     偏移，并进入状态 85
    STAR      偏移，并进入状态 86
    DIV       偏移，并进入状态 87
    AND       偏移，并进入状态 88
    OR        偏移，并进入状态 89
    DOT       偏移，并进入状态 90
    LB        偏移，并进入状态 91


状态 66

   46 Dec: VarDec ASSIGNOP . Exp

    error  偏移，并进入状态 72
    INT    偏移，并进入状态 53
    FLOAT  偏移，并进入状态 54
    ID     偏移，并进入状态 55
    MINUS  偏移，并进入状态 56
    NOT    偏移，并进入状态 57
    LP     偏移，并进入状态 58

    Exp  转到状态 92


状态 67

   41 Def: Specifier DecList SEMI .

    $default  使用规则 41 以归约 (Def)


状态 68

   43 DecList: Dec COMMA . DecList

    error  偏移，并进入状态 42
    ID     偏移，并进入状态 37

    VarDec   转到状态 43
    DecList  转到状态 93
    Dec      转到状态 45


状态 69

   23 VarList: ParamDec COMMA VarList .

    $default  使用规则 23 以归约 (VarList)


状态 70

   36 Stmt: error SEMI .

    $default  使用规则 36 以归约 (Stmt)


状态 71

   58 Exp: ID LP . Args RP
   59    | ID LP . RP

    error  偏移，并进入状态 72
    INT    偏移，并进入状态 53
    FLOAT  偏移，并进入状态 54
    ID     偏移，并进入状态 55
    MINUS  偏移，并进入状态 56
    NOT    偏移，并进入状态 57
    LP     偏移，并进入状态 58
    RP     偏移，并进入状态 94

    Exp   转到状态 95
    Args  转到状态 96


状态 72

   65 Exp: error .

    $default  使用规则 65 以归约 (Exp)


状态 73

   47 Exp: Exp . ASSIGNOP Exp
   48    | Exp . AND Exp
   49    | Exp . OR Exp
   50    | Exp . RELOP Exp
   51    | Exp . PLUS Exp
   52    | Exp . MINUS Exp
   53    | Exp . STAR Exp
   54    | Exp . DIV Exp
   56    | MINUS Exp .
   60    | Exp . LB Exp RB
   61    | Exp . DOT ID

    DOT  偏移，并进入状态 90
    LB   偏移，并进入状态 91

    $default  使用规则 56 以归约 (Exp)


状态 74

   47 Exp: Exp . ASSIGNOP Exp
   48    | Exp . AND Exp
   49    | Exp . OR Exp
   50    | Exp . RELOP Exp
   51    | Exp . PLUS Exp
   52    | Exp . MINUS Exp
   53    | Exp . STAR Exp
   54    | Exp . DIV Exp
   57    | NOT Exp .
   60    | Exp . LB Exp RB
   61    | Exp . DOT ID

    DOT  偏移，并进入状态 90
    LB   偏移，并进入状态 91

    $default  使用规则 57 以归约 (Exp)


状态 75

   47 Exp: Exp . ASSIGNOP Exp
   48    | Exp . AND Exp
   49    | Exp . OR Exp
   50    | Exp . RELOP Exp
   51    | Exp . PLUS Exp
   52    | Exp . MINUS Exp
   53    | Exp . STAR Exp
   54    | Exp . DIV Exp
   55    | LP Exp . RP
   60    | Exp . LB Exp RB
   61    | Exp . DOT ID

    ASSIGNOP  偏移，并进入状态 82
    RELOP     偏移，并进入状态 83
    PLUS      偏移，并进入状态 84
    MINUS     偏移，并进入状态 85
    STAR      偏移，并进入状态 86
    DIV       偏移，并进入状态 87
    AND       偏移，并进入状态 88
    OR        偏移，并进入状态 89
    DOT       偏移，并进入状态 90
    RP        偏移，并进入状态 97
    LB        偏移，并进入状态 91


状态 76

   32 Stmt: RETURN Exp . SEMI
   47 Exp: Exp . ASSIGNOP Exp
   48    | Exp . AND Exp
   49    | Exp . OR Exp
   50    | Exp . RELOP Exp
   51    | Exp . PLUS Exp
   52    | Exp . MINUS Exp
   53    | Exp . STAR Exp
   54    | Exp . DIV Exp
   60    | Exp . LB Exp RB
   61    | Exp . DOT ID

    SEMI      偏移，并进入状态 98
    ASSIGNOP  偏移，并进入状态 82
    RELOP     偏移，并进入状态 83
    PLUS      偏移，并进入状态 84
    MINUS     偏移，并进入状态 85
    STAR      偏移，并进入状态 86
    DIV       偏移，并进入状态 87
    AND       偏移，并进入状态 88
    OR        偏移，并进入状态 89
    DOT       偏移，并进入状态 90
    LB        偏移，并进入状态 91


状态 77

   33 Stmt: IF LP . Exp RP Stmt
   34     | IF LP . Exp RP Stmt ELSE Stmt

    error  偏移，并进入状态 72
    INT    偏移，并进入状态 53
    FLOAT  偏移，并进入状态 54
    ID     偏移，并进入状态 55
    MINUS  偏移，并进入状态 56
    NOT    偏移，并进入状态 57
    LP     偏移，并进入状态 58

    Exp  转到状态 99


状态 78

   35 Stmt: WHILE LP . Exp RP Stmt

    error  偏移，并进入状态 72
    INT    偏移，并进入状态 53
    FLOAT  偏移，并进入状态 54
    ID     偏移，并进入状态 55
    MINUS  偏移，并进入状态 56
    NOT    偏移，并进入状态 57
    LP     偏移，并进入状态 58

    Exp  转到状态 100


状态 79

   26 CompSt: LC DefList StmtList RC .

    $default  使用规则 26 以归约 (CompSt)


状态 80

   28 StmtList: Stmt StmtList .

    $default  使用规则 28 以归约 (StmtList)


状态 81

   30 Stmt: Exp SEMI .

    $default  使用规则 30 以归约 (Stmt)


状态 82

   47 Exp: Exp ASSIGNOP . Exp

    error  偏移，并进入状态 72
    INT    偏移，并进入状态 53
    FLOAT  偏移，并进入状态 54
    ID     偏移，并进入状态 55
    MINUS  偏移，并进入状态 56
    NOT    偏移，并进入状态 57
    LP     偏移，并进入状态 58

    Exp  转到状态 101


状态 83

   50 Exp: Exp RELOP . Exp

    error  偏移，并进入状态 72
    INT    偏移，并进入状态 53
    FLOAT  偏移，并进入状态 54
    ID     偏移，并进入状态 55
    MINUS  偏移，并进入状态 56
    NOT    偏移，并进入状态 57
    LP     偏移，并进入状态 58

    Exp  转到状态 102


状态 84

   51 Exp: Exp PLUS . Exp

    error  偏移，并进入状态 72
    INT    偏移，并进入状态 53
    FLOAT  偏移，并进入状态 54
    ID     偏移，并进入状态 55
    MINUS  偏移，并进入状态 56
    NOT    偏移，并进入状态 57
    LP     偏移，并进入状态 58

    Exp  转到状态 103


状态 85

   52 Exp: Exp MINUS . Exp

    error  偏移，并进入状态 72
    INT    偏移，并进入状态 53
    FLOAT  偏移，并进入状态 54
    ID     偏移，并进入状态 55
    MINUS  偏移，并进入状态 56
    NOT    偏移，并进入状态 57
    LP     偏移，并进入状态 58

    Exp  转到状态 104


状态 86

   53 Exp: Exp STAR . Exp

    error  偏移，并进入状态 72
    INT    偏移，并进入状态 53
    FLOAT  偏移，并进入状态 54
    ID     偏移，并进入状态 55
    MINUS  偏移，并进入状态 56
    NOT    偏移，并进入状态 57
    LP     偏移，并进入状态 58

    Exp  转到状态 105


状态 87

   54 Exp: Exp DIV . Exp

    error  偏移，并进入状态 72
    INT    偏移，并进入状态 53
    FLOAT  偏移，并进入状态 54
    ID     偏移，并进入状态 55
    MINUS  偏移，并进入状态 56
    NOT    偏移，并进入状态 57
    LP     偏移，并进入状态 58

    Exp  转到状态 106


状态 88

   48 Exp: Exp AND . Exp

    error  偏移，并进入状态 72
    INT    偏移，并进入状态 53
    FLOAT  偏移，并进入状态 54
    ID     偏移，并进入状态 55
    MINUS  偏移，并进入状态 56
    NOT    偏移，并进入状态 57
    LP     偏移，并进入状态 58

    Exp  转到状态 107


状态 89

   49 Exp: Exp OR . Exp

    error  偏移，并进入状态 72
    INT    偏移，并进入状态 53
    FLOAT  偏移，并进入状态 54
    ID     偏移，并进入状态 55
    MINUS  偏移，并进入状态 56
    NOT    偏移，并进入状态 57
    LP     偏移，并进入状态 58

    Exp  转到状态 108


状态 90

   61 Exp: Exp DOT . ID

    ID  偏移，并进入状态 109


状态 91

   60 Exp: Exp LB . Exp RB

    error  偏移，并进入状态 72
    INT    偏移，并进入状态 53
    FLOAT  偏移，并进入状态 54
    ID     偏移，并进入状态 55
    MINUS  偏移，并进入状态 56
    NOT    偏移，并进入状态 57
    LP     偏移，并进入状态 58

    Exp  转到状态 110


状态 92

   46 Dec: VarDec ASSIGNOP Exp .
   47 Exp: Exp . ASSIGNOP Exp
   48    | Exp . AND Exp
   49    | Exp . OR Exp
   50    | Exp . RELOP Exp
   51    | Exp . PLUS Exp
   52    | Exp . MINUS Exp
   53    | Exp . STAR Exp
   54    | Exp . DIV Exp
   60    | Exp . LB Exp RB
   61    | Exp . DOT ID

    ASSIGNOP  偏移，并进入状态 82
    RELOP     偏移，并进入状态 83
    PLUS      偏移，并进入状态 84
    MINUS     偏移，并进入状态 85
    STAR      偏移，并进入状态 86
    DIV       偏移，并进入状态 87
    AND       偏移，并进入状态 88
    OR        偏移，并进入状态 89
    DOT       偏移，并进入状态 90
    LB        偏移，并进入状态 91

    $default  使用规则 46 以归约 (Dec)


状态 93

   43 DecList: Dec COMMA DecList .

    $default  使用规则 43 以归约 (DecList)


状态 94

   59 Exp: ID LP RP .

    $default  使用规则 59 以归约 (Exp)


状态 95

   47 Exp: Exp . ASSIGNOP Exp
   48    | Exp . AND Exp
   49    | Exp . OR Exp
   50    | Exp . RELOP Exp
   51    | Exp . PLUS Exp
   52    | Exp . MINUS Exp
   53    | Exp . STAR Exp
   54    | Exp . DIV Exp
   60    | Exp . LB Exp RB
   61    | Exp . DOT ID
   66 Args: Exp . COMMA Args
   67     | Exp .

    COMMA     偏移，并进入状态 111
    ASSIGNOP  偏移，并进入状态 82
    RELOP     偏移，并进入状态 83
    PLUS      偏移，并进入状态 84
    MINUS     偏移，并进入状态 85
    STAR      偏移，并进入状态 86
    DIV       偏移，并进入状态 87
    AND       偏移，并进入状态 88
    OR        偏移，并进入状态 89
    DOT       偏移，并进入状态 90
    LB        偏移，并进入状态 91

    $default  使用规则 67 以归约 (Args)


状态 96

   58 Exp: ID LP Args . RP

    RP  偏移，并进入状态 112


状态 97

   55 Exp: LP Exp RP .

    $default  使用规则 55 以归约 (Exp)


状态 98

   32 Stmt: RETURN Exp SEMI .

    $default  使用规则 32 以归约 (Stmt)


状态 99

   33 Stmt: IF LP Exp . RP Stmt
   34     | IF LP Exp . RP Stmt ELSE Stmt
   47 Exp: Exp . ASSIGNOP Exp
   48    | Exp . AND Exp
   49    | Exp . OR Exp
   50    | Exp . RELOP Exp
   51    | Exp . PLUS Exp
   52    | Exp . MINUS Exp
   53    | Exp . STAR Exp
   54    | Exp . DIV Exp
   60    | Exp . LB Exp RB
   61    | Exp . DOT ID

    ASSIGNOP  偏移，并进入状态 82
    RELOP     偏移，并进入状态 83
    PLUS      偏移，并进入状态 84
    MINUS     偏移，并进入状态 85
    STAR      偏移，并进入状态 86
    DIV       偏移，并进入状态 87
    AND       偏移，并进入状态 88
    OR        偏移，并进入状态 89
    DOT       偏移，并进入状态 90
    RP        偏移，并进入状态 113
    LB        偏移，并进入状态 91


状态 100

   35 Stmt: WHILE LP Exp . RP Stmt
   47 Exp: Exp . ASSIGNOP Exp
   48    | Exp . AND Exp
   49    | Exp . OR Exp
   50    | Exp . RELOP Exp
   51    | Exp . PLUS Exp
   52    | Exp . MINUS Exp
   53    | Exp . STAR Exp
   54    | Exp . DIV Exp
   60    | Exp . LB Exp RB
   61    | Exp . DOT ID

    ASSIGNOP  偏移，并进入状态 82
    RELOP     偏移，并进入状态 83
    PLUS      偏移，并进入状态 84
    MINUS     偏移，并进入状态 85
    STAR      偏移，并进入状态 86
    DIV       偏移，并进入状态 87
    AND       偏移，并进入状态 88
    OR        偏移，并进入状态 89
    DOT       偏移，并进入状态 90
    RP        偏移，并进入状态 114
    LB        偏移，并进入状态 91


状态 101

   47 Exp: Exp . ASSIGNOP Exp
   47    | Exp ASSIGNOP Exp .
   48    | Exp . AND Exp
   49    | Exp . OR Exp
   50    | Exp . RELOP Exp
   51    | Exp . PLUS Exp
   52    | Exp . MINUS Exp
   53    | Exp . STAR Exp
   54    | Exp . DIV Exp
   60    | Exp . LB Exp RB
   61    | Exp . DOT ID

    ASSIGNOP  偏移，并进入状态 82
    RELOP     偏移，并进入状态 83
    PLUS      偏移，并进入状态 84
    MINUS     偏移，并进入状态 85
    STAR      偏移，并进入状态 86
    DIV       偏移，并进入状态 87
    AND       偏移，并进入状态 88
    OR        偏移，并进入状态 89
    DOT       偏移，并进入状态 90
    LB        偏移，并进入状态 91

    $default  使用规则 47 以归约 (Exp)


状态 102

   47 Exp: Exp . ASSIGNOP Exp
   48    | Exp . AND Exp
   49    | Exp . OR Exp
   50    | Exp . RELOP Exp
   50    | Exp RELOP Exp .
   51    | Exp . PLUS Exp
   52    | Exp . MINUS Exp
   53    | Exp . STAR Exp
   54    | Exp . DIV Exp
   60    | Exp . LB Exp RB
   61    | Exp . DOT ID

    PLUS   偏移，并进入状态 84
    MINUS  偏移，并进入状态 85
    STAR   偏移，并进入状态 86
    DIV    偏移，并进入状态 87
    DOT    偏移，并进入状态 90
    LB     偏移，并进入状态 91

    $default  使用规则 50 以归约 (Exp)


状态 103

   47 Exp: Exp . ASSIGNOP Exp
   48    | Exp . AND Exp
   49    | Exp . OR Exp
   50    | Exp . RELOP Exp
   51    | Exp . PLUS Exp
   51    | Exp PLUS Exp .
   52    | Exp . MINUS Exp
   53    | Exp . STAR Exp
   54    | Exp . DIV Exp
   60    | Exp . LB Exp RB
   61    | Exp . DOT ID

    STAR  偏移，并进入状态 86
    DIV   偏移，并进入状态 87
    DOT   偏移，并进入状态 90
    LB    偏移，并进入状态 91

    $default  使用规则 51 以归约 (Exp)


状态 104

   47 Exp: Exp . ASSIGNOP Exp
   48    | Exp . AND Exp
   49    | Exp . OR Exp
   50    | Exp . RELOP Exp
   51    | Exp . PLUS Exp
   52    | Exp . MINUS Exp
   52    | Exp MINUS Exp .
   53    | Exp . STAR Exp
   54    | Exp . DIV Exp
   60    | Exp . LB Exp RB
   61    | Exp . DOT ID

    STAR  偏移，并进入状态 86
    DIV   偏移，并进入状态 87
    DOT   偏移，并进入状态 90
    LB    偏移，并进入状态 91

    $default  使用规则 52 以归约 (Exp)


状态 105

   47 Exp: Exp . ASSIGNOP Exp
   48    | Exp . AND Exp
   49    | Exp . OR Exp
   50    | Exp . RELOP Exp
   51    | Exp . PLUS Exp
   52    | Exp . MINUS Exp
   53    | Exp . STAR Exp
   53    | Exp STAR Exp .
   54    | Exp . DIV Exp
   60    | Exp . LB Exp RB
   61    | Exp . DOT ID

    DOT  偏移，并进入状态 90
    LB   偏移，并进入状态 91

    $default  使用规则 53 以归约 (Exp)


状态 106

   47 Exp: Exp . ASSIGNOP Exp
   48    | Exp . AND Exp
   49    | Exp . OR Exp
   50    | Exp . RELOP Exp
   51    | Exp . PLUS Exp
   52    | Exp . MINUS Exp
   53    | Exp . STAR Exp
   54    | Exp . DIV Exp
   54    | Exp DIV Exp .
   60    | Exp . LB Exp RB
   61    | Exp . DOT ID

    DOT  偏移，并进入状态 90
    LB   偏移，并进入状态 91

    $default  使用规则 54 以归约 (Exp)


状态 107

   47 Exp: Exp . ASSIGNOP Exp
   48    | Exp . AND Exp
   48    | Exp AND Exp .
   49    | Exp . OR Exp
   50    | Exp . RELOP Exp
   51    | Exp . PLUS Exp
   52    | Exp . MINUS Exp
   53    | Exp . STAR Exp
   54    | Exp . DIV Exp
   60    | Exp . LB Exp RB
   61    | Exp . DOT ID

    RELOP  偏移，并进入状态 83
    PLUS   偏移，并进入状态 84
    MINUS  偏移，并进入状态 85
    STAR   偏移，并进入状态 86
    DIV    偏移，并进入状态 87
    DOT    偏移，并进入状态 90
    LB     偏移，并进入状态 91

    $default  使用规则 48 以归约 (Exp)


状态 108

   47 Exp: Exp . ASSIGNOP Exp
   48    | Exp . AND Exp
   49    | Exp . OR Exp
   49    | Exp OR Exp .
   50    | Exp . RELOP Exp
   51    | Exp . PLUS Exp
   52    | Exp . MINUS Exp
   53    | Exp . STAR Exp
   54    | Exp . DIV Exp
   60    | Exp . LB Exp RB
   61    | Exp . DOT ID

    RELOP  偏移，并进入状态 83
    PLUS   偏移，并进入状态 84
    MINUS  偏移，并进入状态 85
    STAR   偏移，并进入状态 86
    DIV    偏移，并进入状态 87
    AND    偏移，并进入状态 88
    DOT    偏移，并进入状态 90
    LB     偏移，并进入状态 91

    $default  使用规则 49 以归约 (Exp)


状态 109

   61 Exp: Exp DOT ID .

    $default  使用规则 61 以归约 (Exp)


状态 110

   47 Exp: Exp . ASSIGNOP Exp
   48    | Exp . AND Exp
   49    | Exp . OR Exp
   50    | Exp . RELOP Exp
   51    | Exp . PLUS Exp
   52    | Exp . MINUS Exp
   53    | Exp . STAR Exp
   54    | Exp . DIV Exp
   60    | Exp . LB Exp RB
   60    | Exp LB Exp . RB
   61    | Exp . DOT ID

    ASSIGNOP  偏移，并进入状态 82
    RELOP     偏移，并进入状态 83
    PLUS      偏移，并进入状态 84
    MINUS     偏移，并进入状态 85
    STAR      偏移，并进入状态 86
    DIV       偏移，并进入状态 87
    AND       偏移，并进入状态 88
    OR        偏移，并进入状态 89
    DOT       偏移，并进入状态 90
    LB        偏移，并进入状态 91
    RB        偏移，并进入状态 115


状态 111

   66 Args: Exp COMMA . Args

    error  偏移，并进入状态 72
    INT    偏移，并进入状态 53
    FLOAT  偏移，并进入状态 54
    ID     偏移，并进入状态 55
    MINUS  偏移，并进入状态 56
    NOT    偏移，并进入状态 57
    LP     偏移，并进入状态 58

    Exp   转到状态 95
    Args  转到状态 116


状态 112

   58 Exp: ID LP Args RP .

    $default  使用规则 58 以归约 (Exp)


状态 113

   33 Stmt: IF LP Exp RP . Stmt
   34     | IF LP Exp RP . Stmt ELSE Stmt

    error   偏移，并进入状态 52
    INT     偏移，并进入状态 53
    FLOAT   偏移，并进入状态 54
    ID      偏移，并进入状态 55
    MINUS   偏移，并进入状态 56
    NOT     偏移，并进入状态 57
    LP      偏移，并进入状态 58
    LC      偏移，并进入状态 27
    RETURN  偏移，并进入状态 59
    IF      偏移，并进入状态 60
    WHILE   偏移，并进入状态 61

    CompSt  转到状态 62
    Stmt    转到状态 117
    Exp     转到状态 65


状态 114

   35 Stmt: WHILE LP Exp RP . Stmt

    error   偏移，并进入状态 52
    INT     偏移，并进入状态 53
    FLOAT   偏移，并进入状态 54
    ID      偏移，并进入状态 55
    MINUS   偏移，并进入状态 56
    NOT     偏移，并进入状态 57
    LP      偏移，并进入状态 58
    LC      偏移，并进入状态 27
    RETURN  偏移，并进入状态 59
    IF      偏移，并进入状态 60
    WHILE   偏移，并进入状态 61

    CompSt  转到状态 62
    Stmt    转到状态 118
    Exp     转到状态 65


状态 115

   60 Exp: Exp LB Exp RB .

    $default  使用规则 60 以归约 (Exp)


状态 116

   66 Args: Exp COMMA Args .

    $default  使用规则 66 以归约 (Args)


状态 117

   33 Stmt: IF LP Exp RP Stmt .
   34     | IF LP Exp RP Stmt . ELSE Stmt

    ELSE  偏移，并进入状态 119

    ELSE      [使用规则 33 以归约 (Stmt)]
    $default  使用规则 33 以归约 (Stmt)


状态 118

   35 Stmt: WHILE LP Exp RP Stmt .

    $default  使用规则 35 以归约 (Stmt)


状态 119

   34 Stmt: IF LP Exp RP Stmt ELSE . Stmt

    error   偏移，并进入状态 52
    INT     偏移，并进入状态 53
    FLOAT   偏移，并进入状态 54
    ID      偏移，并进入状态 55
    MINUS   偏移，并进入状态 56
    NOT     偏移，并进入状态 57
    LP      偏移，并进入状态 58
    LC      偏移，并进入状态 27
    RETURN  偏移，并进入状态 59
    IF      偏移，并进入状态 60
    WHILE   偏移，并进入状态 61

    CompSt  转到状态 62
    Stmt    转到状态 120
    Exp     转到状态 65


状态 120

   34 Stmt: IF LP Exp RP Stmt ELSE Stmt .

    $default  使用规则 34 以归约 (Stmt)
